<?xml version="1.0" encoding="UTF-8"?>
<!-- Generated by org.testng.reporters.JUnitXMLReporter -->
<testsuite hostname="LAPTOP-YOURSY" ignored="0" name="ecshopLoginTest" tests="3" failures="1" timestamp="14 一月 2018 09:14:38 GMT" time="10.574" errors="0">
  <testcase name="testLogin" time="0.684" classname="com.tt.ecshop.tests.LoginTest">
    <skipped/>
  </testcase> <!-- testLogin -->
  <testcase name="testLogin" time="0.597" classname="com.tt.ecshop.tests.LoginTest">
    <skipped/>
  </testcase> <!-- testLogin -->
  <testcase name="testLogin" time="0.664" classname="com.tt.ecshop.tests.LoginTest">
    <failure type="java.lang.AssertionError" message="expected [填写错误] but found [用户名或密码错误]">
      <![CDATA[java.lang.AssertionError: expected [填写错误] but found [用户名或密码错误]at com.tt.ecshop.pages.UserPage.assert_login_result_text(UserPage.java:89)at com.tt.ecshop.tests.LoginTest.testLogin(LoginTest.java:50)... Removed 31 stack frames]]>
    </failure>
  </testcase> <!-- testLogin -->
</testsuite> <!-- ecshopLoginTest -->
