<?xml version="1.0" encoding="UTF-8"?>
<!-- Generated by org.testng.reporters.JUnitXMLReporter -->
<testsuite hostname="LAPTOP-YOURSY" ignored="0" name="regression test2" tests="6" failures="0" timestamp="14 十二月 2017 09:56:51 GMT" time="0.016" errors="0">
  <testcase name="miTestfunc33" time="0.001" classname="com.tt.tests.TestDemo3"/>
  <testcase name="muTestfunc32" time="0.002" classname="com.tt.tests.TestDemo3"/>
  <testcase name="myTestfunc31" time="0.0" classname="com.tt.tests.TestDemo3"/>
  <testcase name="miTestfunc43" time="0.001" classname="com.tt.tests.TestDemo4"/>
  <testcase name="muTestfunc42" time="0.001" classname="com.tt.tests.TestDemo4"/>
  <testcase name="myTestfunc41" time="0.001" classname="com.tt.tests.TestDemo4"/>
</testsuite> <!-- regression test2 -->
