<?xml version="1.0" encoding="UTF-8"?>
<!-- Generated by org.testng.reporters.JUnitXMLReporter -->
<testsuite hostname="LAPTOP-YOURSY" ignored="0" name="regression test1" tests="6" failures="0" timestamp="14 十二月 2017 09:56:51 GMT" time="0.084" errors="0">
  <testcase name="myTestfunc" time="0.005" classname="com.tt.tests.TestDemo1"/>
  <testcase name="miTestfunc23" time="0.002" classname="com.tt.tests.TestDemo2"/>
  <testcase name="muTestfunc22" time="0.004" classname="com.tt.tests.TestDemo2"/>
  <testcase name="myTestfunc21" time="0.006" classname="com.tt.tests.TestDemo2"/>
  <testcase name="miTestfunc" time="0.002" classname="com.tt.tests.TestDemo1"/>
  <testcase name="muTestfunc" time="0.002" classname="com.tt.tests.TestDemo1"/>
</testsuite> <!-- regression test1 -->
